LibFace/build/outputs/logs/manifest-merger-release-report.txt
-- Merging decision tree log ---
manifest
ADDED from src/main/AndroidManifest.xml:1:1-39
INJECTED from src/main/AndroidManifest.xml:1:1-39
INJECTED from src/main/AndroidManifest.xml:1:1-39
	package
		ADDED from src/main/AndroidManifest.xml:1:11-36
		INJECTED from src/main/AndroidManifest.xml
		INJECTED from src/main/AndroidManifest.xml